Arguments: 
  C:\Program Files\nodejs\node.exe C:\Program Files (x86)\Yarn\bin\yarn.js

PATH: 
  C:\Windows\system32;C:\Windows;C:\Windows\System32\Wbem;C:\Windows\System32\WindowsPowerShell\v1.0\;C:\Windows\System32\OpenSSH\;C:\ProgramData\ComposerSetup\bin;C:\Program Files\nodejs\;C:\Program Files (x86)\Yarn\bin\;C:\laragon\bin\php\php-8.2.10-Win32-vs16-x64;C:\Program Files (x86)\ComposerSetup;C:\Users\Darwin\AppData\Local\Microsoft\WindowsApps;C:\Users\Darwin\AppData\Roaming\Composer\vendor\bin;C:\Users\Darwin\Downloads\Queenie\Microsoft VS Code\bin;C:\Users\Darwin\AppData\Local\gitkraken\bin;C:\ProgramData\Darwin\gitkraken\bin;C:\Users\Darwin\AppData\Roaming\npm;C:\Users\Darwin\AppData\Local\Yarn\bin

Yarn version: 
  1.22.19

Node version: 
  20.11.0

Platform: 
  win32 x64

Trace: 
  Error: https://registry.yarnpkg.com/@fortawesome/fontawesome-free/-/fontawesome-free-6.4.0.tgz: ESOCKETTIMEDOUT
      at ClientRequest.<anonymous> (C:\Program Files (x86)\Yarn\lib\cli.js:141517:19)
      at Object.onceWrapper (node:events:632:28)
      at ClientRequest.emit (node:events:518:28)
      at TLSSocket.emitRequestTimeout (node:_http_client:840:9)
      at Object.onceWrapper (node:events:632:28)
      at TLSSocket.emit (node:events:530:35)
      at Socket._onTimeout (node:net:589:8)
      at listOnTimeout (node:internal/timers:573:17)
      at process.processTimers (node:internal/timers:514:7)

npm manifest: 
  {
    "name": "Vuexy",
    "version": "1.3.0",
    "private": true,
    "scripts": {
      "dev": "npm run development",
      "build": "npm run build",
      "development": "mix",
      "watch": "mix watch",
      "watch-poll": "mix watch -- --watch-options-poll=1000",
      "hot": "mix watch --hot",
      "prod": "npm run production",
      "production": "mix --production"
    },
    "devDependencies": {
      "@babel/core": "7.22.5",
      "@babel/plugin-proposal-object-rest-spread": "7.20.7",
      "@babel/plugin-syntax-dynamic-import": "7.8.3",
      "@babel/plugin-transform-runtime": "7.22.9",
      "@babel/preset-env": "7.22.5",
      "@prettier/plugin-php": "0.19.6",
      "ajv": "8.12.0",
      "axios": "1.4.0",
      "babel-loader": "9.1.2",
      "browser-sync": "2.29.3",
      "browser-sync-webpack-plugin": "2.3.0",
      "cross-env": "7.0.3",
      "laravel-mix": "6.0.49",
      "lodash": "4.17.21",
      "postcss": "8.4.26",
      "prettier": "2.8.8",
      "resolve-url-loader": "5.0.0",
      "sass": "1.68.0",
      "sass-loader": "13.3.2"
    },
    "overrides": {
      "autoprefixer": "10.4.14",
      "webpack": "5.88.1",
      "webpack-cli": "4.9.1",
      "prop-types": "15.8.1",
      "sass": "1.68.0"
    },
    "resolutions": {
      "autoprefixer": "10.4.14",
      "webpack": "5.88.1",
      "webpack-cli": "4.9.1",
      "prop-types": "15.8.1",
      "sass": "1.68.0"
    },
    "browserslist": [
      ">= 1%",
      "last 2 versions",
      "not dead",
      "Chrome >= 45",
      "Firefox >= 38",
      "Edge >= 12",
      "Explorer >= 10",
      "iOS >= 9",
      "Safari >= 9",
      "Android >= 4.4",
      "Opera >= 30"
    ],
    "babel": {
      "presets": [
        [
          "@babel/env",
          {
            "targets": {
              "browsers": [
                ">= 1%",
                "last 2 versions",
                "not dead",
                "Chrome >= 45",
                "Firefox >= 38",
                "Edge >= 12",
                "Explorer >= 10",
                "iOS >= 9",
                "Safari >= 9",
                "Android >= 4.4",
                "Opera >= 30"
              ]
            }
          }
        ]
      ]
    },
    "dependencies": {
      "@fortawesome/fontawesome-free": "6.4.0",
      "@fullcalendar/core": "6.1.9",
      "@fullcalendar/daygrid": "6.1.9",
      "@fullcalendar/interaction": "6.1.9",
      "@fullcalendar/list": "6.1.9",
      "@fullcalendar/timegrid": "6.1.9",
      "@fullcalendar/timeline": "6.1.9",
      "@popperjs/core": "2.11.8",
      "@simonwep/pickr": "1.8.2",
      "@yaireo/tagify": "4.17.8",
      "animate.css": "4.1.1",
      "aos": "2.3.4",
      "apexcharts-clevision": "3.28.5",
      "autosize": "6.0.1",
      "block-ui": "2.70.1",
      "bloodhound-js": "1.2.3",
      "bootstrap": "5.3.2",
      "bootstrap-datepicker": "1.10.0",
      "bootstrap-daterangepicker": "3.1.0",
      "bootstrap-maxlength": "1.10.1",
      "bootstrap-select": "snapappointments/bootstrap-select#main",
      "bs-stepper": "1.7.0",
      "chart.js": "4.3.0",
      "cleave.js": "1.6.0",
      "clipboard": "2.0.11",
      "datatables.net-bs5": "1.13.4",
      "datatables.net-buttons": "2.3.6",
      "datatables.net-buttons-bs5": "2.3.6",
      "datatables.net-fixedcolumns-bs5": "4.2.2",
      "datatables.net-fixedheader-bs5": "3.3.2",
      "datatables.net-responsive": "2.4.1",
      "datatables.net-responsive-bs5": "2.4.1",
      "datatables.net-rowgroup-bs5": "1.3.1",
      "datatables.net-select-bs5": "1.6.2",
      "dropzone": "5.9.3",
      "flag-icons": "6.7.0",
      "flatpickr": "4.6.13",
      "hammerjs": "2.0.8",
      "highlight.js": "11.8.0",
      "jkanban": "1.3.1",
      "jquery": "3.7.0",
      "jquery-datatables-checkboxes": "1.2.13",
      "jquery-sticky": "1.0.4",
      "jquery.repeater": "1.2.1",
      "jstree": "3.3.15",
      "jszip": "3.10.1",
      "katex": "0.16.8",
      "leaflet": "1.9.4",
      "mapbox-gl": "2.15.0",
      "masonry-layout": "4.2.2",
      "moment": "2.29.4",
      "node-waves": "0.7.6",
      "nouislider": "15.7.1",
      "numeral": "2.0.6",
      "pdfmake": "0.2.7",
      "perfect-scrollbar": "1.5.5",
      "plyr": "3.7.8",
      "quill": "1.3.7",
      "rateyo": "2.3.5",
      "select2": "4.0.13",
      "shepherd.js": "10.0.1",
      "sortablejs": "1.15.0",
      "spinkit": "2.0.1",
      "sweetalert2": "11.7.12",
      "swiper": "9.4.1",
      "timepicker": "1.14.0",
      "toastr": "2.1.4",
      "typeahead.js": "0.11.1"
    }
  }

yarn manifest: 
  No manifest

Lockfile: 
  No lockfile
